[2021-09-04 11:00:18] local.ERROR: SQLSTATE[HY000] [1045] Access denied for user 'root'@'localhost' (using password: YES) (SQL: select * from information_schema.tables where table_schema = ecommerce and table_name = migrations and table_type = 'BASE TABLE') {"exception":"[object] (Illuminate\\Database\\QueryException(code: 1045): SQLSTATE[HY000] [1045] Access denied for user 'root'@'localhost' (using password: YES) (SQL: select * from information_schema.tables where table_schema = ecommerce and table_name = migrations and table_type = 'BASE TABLE') at /home/ubuntu/Documents/domains/ecommerce/vendor/laravel/framework/src/Illuminate/Database/Connection.php:692)
[stacktrace]
#0 /home/ubuntu/Documents/domains/ecommerce/vendor/laravel/framework/src/Illuminate/Database/Connection.php(652): Illuminate\\Database\\Connection->runQueryCallback()
#1 /home/ubuntu/Documents/domains/ecommerce/vendor/laravel/framework/src/Illuminate/Database/Connection.php(360): Illuminate\\Database\\Connection->run()
#2 /home/ubuntu/Documents/domains/ecommerce/vendor/laravel/framework/src/Illuminate/Database/Schema/MySqlBuilder.php(44): Illuminate\\Database\\Connection->select()
#3 /home/ubuntu/Documents/domains/ecommerce/vendor/laravel/framework/src/Illuminate/Database/Migrations/DatabaseMigrationRepository.php(169): Illuminate\\Database\\Schema\\MySqlBuilder->hasTable()
#4 /home/ubuntu/Documents/domains/ecommerce/vendor/laravel/framework/src/Illuminate/Database/Migrations/Migrator.php(652): Illuminate\\Database\\Migrations\\DatabaseMigrationRepository->repositoryExists()
#5 /home/ubuntu/Documents/domains/ecommerce/vendor/laravel/framework/src/Illuminate/Database/Console/Migrations/MigrateCommand.php(106): Illuminate\\Database\\Migrations\\Migrator->repositoryExists()
#6 /home/ubuntu/Documents/domains/ecommerce/vendor/laravel/framework/src/Illuminate/Database/Console/Migrations/MigrateCommand.php(77): Illuminate\\Database\\Console\\Migrations\\MigrateCommand->prepareDatabase()
#7 /home/ubuntu/Documents/domains/ecommerce/vendor/laravel/framework/src/Illuminate/Database/Migrations/Migrator.php(585): Illuminate\\Database\\Console\\Migrations\\MigrateCommand->Illuminate\\Database\\Console\\Migrations\\{closure}()
#8 /home/ubuntu/Documents/domains/ecommerce/vendor/laravel/framework/src/Illuminate/Database/Console/Migrations/MigrateCommand.php(94): Illuminate\\Database\\Migrations\\Migrator->usingConnection()
#9 /home/ubuntu/Documents/domains/ecommerce/vendor/laravel/framework/src/Illuminate/Container/BoundMethod.php(36): Illuminate\\Database\\Console\\Migrations\\MigrateCommand->handle()
#10 /home/ubuntu/Documents/domains/ecommerce/vendor/laravel/framework/src/Illuminate/Container/Util.php(40): Illuminate\\Container\\BoundMethod::Illuminate\\Container\\{closure}()
#11 /home/ubuntu/Documents/domains/ecommerce/vendor/laravel/framework/src/Illuminate/Container/BoundMethod.php(93): Illuminate\\Container\\Util::unwrapIfClosure()
#12 /home/ubuntu/Documents/domains/ecommerce/vendor/laravel/framework/src/Illuminate/Container/BoundMethod.php(37): Illuminate\\Container\\BoundMethod::callBoundMethod()
#13 /home/ubuntu/Documents/domains/ecommerce/vendor/laravel/framework/src/Illuminate/Container/Container.php(651): Illuminate\\Container\\BoundMethod::call()
#14 /home/ubuntu/Documents/domains/ecommerce/vendor/laravel/framework/src/Illuminate/Console/Command.php(136): Illuminate\\Container\\Container->call()
#15 /home/ubuntu/Documents/domains/ecommerce/vendor/symfony/console/Command/Command.php(299): Illuminate\\Console\\Command->execute()
#16 /home/ubuntu/Documents/domains/ecommerce/vendor/laravel/framework/src/Illuminate/Console/Command.php(121): Symfony\\Component\\Console\\Command\\Command->run()
#17 /home/ubuntu/Documents/domains/ecommerce/vendor/symfony/console/Application.php(978): Illuminate\\Console\\Command->run()
#18 /home/ubuntu/Documents/domains/ecommerce/vendor/symfony/console/Application.php(295): Symfony\\Component\\Console\\Application->doRunCommand()
#19 /home/ubuntu/Documents/domains/ecommerce/vendor/symfony/console/Application.php(167): Symfony\\Component\\Console\\Application->doRun()
#20 /home/ubuntu/Documents/domains/ecommerce/vendor/laravel/framework/src/Illuminate/Console/Application.php(92): Symfony\\Component\\Console\\Application->run()
#21 /home/ubuntu/Documents/domains/ecommerce/vendor/laravel/framework/src/Illuminate/Foundation/Console/Kernel.php(129): Illuminate\\Console\\Application->run()
#22 /home/ubuntu/Documents/domains/ecommerce/artisan(37): Illuminate\\Foundation\\Console\\Kernel->handle()
#23 {main}

[previous exception] [object] (PDOException(code: 1045): SQLSTATE[HY000] [1045] Access denied for user 'root'@'localhost' (using password: YES) at /home/ubuntu/Documents/domains/ecommerce/vendor/laravel/framework/src/Illuminate/Database/Connectors/Connector.php:70)
[stacktrace]
#0 /home/ubuntu/Documents/domains/ecommerce/vendor/laravel/framework/src/Illuminate/Database/Connectors/Connector.php(70): PDO->__construct()
#1 /home/ubuntu/Documents/domains/ecommerce/vendor/laravel/framework/src/Illuminate/Database/Connectors/Connector.php(46): Illuminate\\Database\\Connectors\\Connector->createPdoConnection()
#2 /home/ubuntu/Documents/domains/ecommerce/vendor/laravel/framework/src/Illuminate/Database/Connectors/MySqlConnector.php(24): Illuminate\\Database\\Connectors\\Connector->createConnection()
#3 /home/ubuntu/Documents/domains/ecommerce/vendor/laravel/framework/src/Illuminate/Database/Connectors/ConnectionFactory.php(184): Illuminate\\Database\\Connectors\\MySqlConnector->connect()
#4 [internal function]: Illuminate\\Database\\Connectors\\ConnectionFactory->Illuminate\\Database\\Connectors\\{closure}()
#5 /home/ubuntu/Documents/domains/ecommerce/vendor/laravel/framework/src/Illuminate/Database/Connection.php(997): call_user_func()
#6 /home/ubuntu/Documents/domains/ecommerce/vendor/laravel/framework/src/Illuminate/Database/Connection.php(1033): Illuminate\\Database\\Connection->getPdo()
#7 /home/ubuntu/Documents/domains/ecommerce/vendor/laravel/framework/src/Illuminate/Database/Connection.php(426): Illuminate\\Database\\Connection->getReadPdo()
#8 /home/ubuntu/Documents/domains/ecommerce/vendor/laravel/framework/src/Illuminate/Database/Connection.php(352): Illuminate\\Database\\Connection->getPdoForSelect()
#9 /home/ubuntu/Documents/domains/ecommerce/vendor/laravel/framework/src/Illuminate/Database/Connection.php(685): Illuminate\\Database\\Connection->Illuminate\\Database\\{closure}()
#10 /home/ubuntu/Documents/domains/ecommerce/vendor/laravel/framework/src/Illuminate/Database/Connection.php(652): Illuminate\\Database\\Connection->runQueryCallback()
#11 /home/ubuntu/Documents/domains/ecommerce/vendor/laravel/framework/src/Illuminate/Database/Connection.php(360): Illuminate\\Database\\Connection->run()
#12 /home/ubuntu/Documents/domains/ecommerce/vendor/laravel/framework/src/Illuminate/Database/Schema/MySqlBuilder.php(44): Illuminate\\Database\\Connection->select()
#13 /home/ubuntu/Documents/domains/ecommerce/vendor/laravel/framework/src/Illuminate/Database/Migrations/DatabaseMigrationRepository.php(169): Illuminate\\Database\\Schema\\MySqlBuilder->hasTable()
#14 /home/ubuntu/Documents/domains/ecommerce/vendor/laravel/framework/src/Illuminate/Database/Migrations/Migrator.php(652): Illuminate\\Database\\Migrations\\DatabaseMigrationRepository->repositoryExists()
#15 /home/ubuntu/Documents/domains/ecommerce/vendor/laravel/framework/src/Illuminate/Database/Console/Migrations/MigrateCommand.php(106): Illuminate\\Database\\Migrations\\Migrator->repositoryExists()
#16 /home/ubuntu/Documents/domains/ecommerce/vendor/laravel/framework/src/Illuminate/Database/Console/Migrations/MigrateCommand.php(77): Illuminate\\Database\\Console\\Migrations\\MigrateCommand->prepareDatabase()
#17 /home/ubuntu/Documents/domains/ecommerce/vendor/laravel/framework/src/Illuminate/Database/Migrations/Migrator.php(585): Illuminate\\Database\\Console\\Migrations\\MigrateCommand->Illuminate\\Database\\Console\\Migrations\\{closure}()
#18 /home/ubuntu/Documents/domains/ecommerce/vendor/laravel/framework/src/Illuminate/Database/Console/Migrations/MigrateCommand.php(94): Illuminate\\Database\\Migrations\\Migrator->usingConnection()
#19 /home/ubuntu/Documents/domains/ecommerce/vendor/laravel/framework/src/Illuminate/Container/BoundMethod.php(36): Illuminate\\Database\\Console\\Migrations\\MigrateCommand->handle()
#20 /home/ubuntu/Documents/domains/ecommerce/vendor/laravel/framework/src/Illuminate/Container/Util.php(40): Illuminate\\Container\\BoundMethod::Illuminate\\Container\\{closure}()
#21 /home/ubuntu/Documents/domains/ecommerce/vendor/laravel/framework/src/Illuminate/Container/BoundMethod.php(93): Illuminate\\Container\\Util::unwrapIfClosure()
#22 /home/ubuntu/Documents/domains/ecommerce/vendor/laravel/framework/src/Illuminate/Container/BoundMethod.php(37): Illuminate\\Container\\BoundMethod::callBoundMethod()
#23 /home/ubuntu/Documents/domains/ecommerce/vendor/laravel/framework/src/Illuminate/Container/Container.php(651): Illuminate\\Container\\BoundMethod::call()
#24 /home/ubuntu/Documents/domains/ecommerce/vendor/laravel/framework/src/Illuminate/Console/Command.php(136): Illuminate\\Container\\Container->call()
#25 /home/ubuntu/Documents/domains/ecommerce/vendor/symfony/console/Command/Command.php(299): Illuminate\\Console\\Command->execute()
#26 /home/ubuntu/Documents/domains/ecommerce/vendor/laravel/framework/src/Illuminate/Console/Command.php(121): Symfony\\Component\\Console\\Command\\Command->run()
#27 /home/ubuntu/Documents/domains/ecommerce/vendor/symfony/console/Application.php(978): Illuminate\\Console\\Command->run()
#28 /home/ubuntu/Documents/domains/ecommerce/vendor/symfony/console/Application.php(295): Symfony\\Component\\Console\\Application->doRunCommand()
#29 /home/ubuntu/Documents/domains/ecommerce/vendor/symfony/console/Application.php(167): Symfony\\Component\\Console\\Application->doRun()
#30 /home/ubuntu/Documents/domains/ecommerce/vendor/laravel/framework/src/Illuminate/Console/Application.php(92): Symfony\\Component\\Console\\Application->run()
#31 /home/ubuntu/Documents/domains/ecommerce/vendor/laravel/framework/src/Illuminate/Foundation/Console/Kernel.php(129): Illuminate\\Console\\Application->run()
#32 /home/ubuntu/Documents/domains/ecommerce/artisan(37): Illuminate\\Foundation\\Console\\Kernel->handle()
#33 {main}
"} 
[2021-09-04 11:00:52] local.ERROR: SQLSTATE[42S01]: Base table or view already exists: 1050 Table 'admins' already exists (SQL: create table `admins` (`id` bigint unsigned not null auto_increment primary key, `name` varchar(255) not null, `surname` varchar(255) not null, `email` varchar(255) not null, `password` varchar(255) not null, `remember_token` varchar(100) null, `created_at` timestamp null, `updated_at` timestamp null) default character set utf8mb4 collate 'utf8mb4_unicode_ci') {"exception":"[object] (Illuminate\\Database\\QueryException(code: 42S01): SQLSTATE[42S01]: Base table or view already exists: 1050 Table 'admins' already exists (SQL: create table `admins` (`id` bigint unsigned not null auto_increment primary key, `name` varchar(255) not null, `surname` varchar(255) not null, `email` varchar(255) not null, `password` varchar(255) not null, `remember_token` varchar(100) null, `created_at` timestamp null, `updated_at` timestamp null) default character set utf8mb4 collate 'utf8mb4_unicode_ci') at /home/ubuntu/Documents/domains/ecommerce/vendor/laravel/framework/src/Illuminate/Database/Connection.php:692)
[stacktrace]
#0 /home/ubuntu/Documents/domains/ecommerce/vendor/laravel/framework/src/Illuminate/Database/Connection.php(652): Illuminate\\Database\\Connection->runQueryCallback()
#1 /home/ubuntu/Documents/domains/ecommerce/vendor/laravel/framework/src/Illuminate/Database/Connection.php(486): Illuminate\\Database\\Connection->run()
#2 /home/ubuntu/Documents/domains/ecommerce/vendor/laravel/framework/src/Illuminate/Database/Schema/Blueprint.php(109): Illuminate\\Database\\Connection->statement()
#3 /home/ubuntu/Documents/domains/ecommerce/vendor/laravel/framework/src/Illuminate/Database/Schema/Builder.php(365): Illuminate\\Database\\Schema\\Blueprint->build()
#4 /home/ubuntu/Documents/domains/ecommerce/vendor/laravel/framework/src/Illuminate/Database/Schema/Builder.php(228): Illuminate\\Database\\Schema\\Builder->build()
#5 /home/ubuntu/Documents/domains/ecommerce/vendor/laravel/framework/src/Illuminate/Support/Facades/Facade.php(261): Illuminate\\Database\\Schema\\Builder->create()
#6 /home/ubuntu/Documents/domains/ecommerce/database/migrations/2021_07_26_120058_create_admins_table.php(24): Illuminate\\Support\\Facades\\Facade::__callStatic()
#7 /home/ubuntu/Documents/domains/ecommerce/vendor/laravel/framework/src/Illuminate/Database/Migrations/Migrator.php(394): CreateAdminsTable->up()
#8 /home/ubuntu/Documents/domains/ecommerce/vendor/laravel/framework/src/Illuminate/Database/Migrations/Migrator.php(403): Illuminate\\Database\\Migrations\\Migrator->Illuminate\\Database\\Migrations\\{closure}()
#9 /home/ubuntu/Documents/domains/ecommerce/vendor/laravel/framework/src/Illuminate/Database/Migrations/Migrator.php(202): Illuminate\\Database\\Migrations\\Migrator->runMigration()
#10 /home/ubuntu/Documents/domains/ecommerce/vendor/laravel/framework/src/Illuminate/Database/Migrations/Migrator.php(167): Illuminate\\Database\\Migrations\\Migrator->runUp()
#11 /home/ubuntu/Documents/domains/ecommerce/vendor/laravel/framework/src/Illuminate/Database/Migrations/Migrator.php(112): Illuminate\\Database\\Migrations\\Migrator->runPending()
#12 /home/ubuntu/Documents/domains/ecommerce/vendor/laravel/framework/src/Illuminate/Database/Console/Migrations/MigrateCommand.php(85): Illuminate\\Database\\Migrations\\Migrator->run()
#13 /home/ubuntu/Documents/domains/ecommerce/vendor/laravel/framework/src/Illuminate/Database/Migrations/Migrator.php(585): Illuminate\\Database\\Console\\Migrations\\MigrateCommand->Illuminate\\Database\\Console\\Migrations\\{closure}()
#14 /home/ubuntu/Documents/domains/ecommerce/vendor/laravel/framework/src/Illuminate/Database/Console/Migrations/MigrateCommand.php(94): Illuminate\\Database\\Migrations\\Migrator->usingConnection()
#15 /home/ubuntu/Documents/domains/ecommerce/vendor/laravel/framework/src/Illuminate/Container/BoundMethod.php(36): Illuminate\\Database\\Console\\Migrations\\MigrateCommand->handle()
#16 /home/ubuntu/Documents/domains/ecommerce/vendor/laravel/framework/src/Illuminate/Container/Util.php(40): Illuminate\\Container\\BoundMethod::Illuminate\\Container\\{closure}()
#17 /home/ubuntu/Documents/domains/ecommerce/vendor/laravel/framework/src/Illuminate/Container/BoundMethod.php(93): Illuminate\\Container\\Util::unwrapIfClosure()
#18 /home/ubuntu/Documents/domains/ecommerce/vendor/laravel/framework/src/Illuminate/Container/BoundMethod.php(37): Illuminate\\Container\\BoundMethod::callBoundMethod()
#19 /home/ubuntu/Documents/domains/ecommerce/vendor/laravel/framework/src/Illuminate/Container/Container.php(651): Illuminate\\Container\\BoundMethod::call()
#20 /home/ubuntu/Documents/domains/ecommerce/vendor/laravel/framework/src/Illuminate/Console/Command.php(136): Illuminate\\Container\\Container->call()
#21 /home/ubuntu/Documents/domains/ecommerce/vendor/symfony/console/Command/Command.php(299): Illuminate\\Console\\Command->execute()
#22 /home/ubuntu/Documents/domains/ecommerce/vendor/laravel/framework/src/Illuminate/Console/Command.php(121): Symfony\\Component\\Console\\Command\\Command->run()
#23 /home/ubuntu/Documents/domains/ecommerce/vendor/symfony/console/Application.php(978): Illuminate\\Console\\Command->run()
#24 /home/ubuntu/Documents/domains/ecommerce/vendor/symfony/console/Application.php(295): Symfony\\Component\\Console\\Application->doRunCommand()
#25 /home/ubuntu/Documents/domains/ecommerce/vendor/symfony/console/Application.php(167): Symfony\\Component\\Console\\Application->doRun()
#26 /home/ubuntu/Documents/domains/ecommerce/vendor/laravel/framework/src/Illuminate/Console/Application.php(92): Symfony\\Component\\Console\\Application->run()
#27 /home/ubuntu/Documents/domains/ecommerce/vendor/laravel/framework/src/Illuminate/Foundation/Console/Kernel.php(129): Illuminate\\Console\\Application->run()
#28 /home/ubuntu/Documents/domains/ecommerce/artisan(37): Illuminate\\Foundation\\Console\\Kernel->handle()
#29 {main}

[previous exception] [object] (PDOException(code: 42S01): SQLSTATE[42S01]: Base table or view already exists: 1050 Table 'admins' already exists at /home/ubuntu/Documents/domains/ecommerce/vendor/laravel/framework/src/Illuminate/Database/Connection.php:485)
[stacktrace]
#0 /home/ubuntu/Documents/domains/ecommerce/vendor/laravel/framework/src/Illuminate/Database/Connection.php(485): PDOStatement->execute()
#1 /home/ubuntu/Documents/domains/ecommerce/vendor/laravel/framework/src/Illuminate/Database/Connection.php(685): Illuminate\\Database\\Connection->Illuminate\\Database\\{closure}()
#2 /home/ubuntu/Documents/domains/ecommerce/vendor/laravel/framework/src/Illuminate/Database/Connection.php(652): Illuminate\\Database\\Connection->runQueryCallback()
#3 /home/ubuntu/Documents/domains/ecommerce/vendor/laravel/framework/src/Illuminate/Database/Connection.php(486): Illuminate\\Database\\Connection->run()
#4 /home/ubuntu/Documents/domains/ecommerce/vendor/laravel/framework/src/Illuminate/Database/Schema/Blueprint.php(109): Illuminate\\Database\\Connection->statement()
#5 /home/ubuntu/Documents/domains/ecommerce/vendor/laravel/framework/src/Illuminate/Database/Schema/Builder.php(365): Illuminate\\Database\\Schema\\Blueprint->build()
#6 /home/ubuntu/Documents/domains/ecommerce/vendor/laravel/framework/src/Illuminate/Database/Schema/Builder.php(228): Illuminate\\Database\\Schema\\Builder->build()
#7 /home/ubuntu/Documents/domains/ecommerce/vendor/laravel/framework/src/Illuminate/Support/Facades/Facade.php(261): Illuminate\\Database\\Schema\\Builder->create()
#8 /home/ubuntu/Documents/domains/ecommerce/database/migrations/2021_07_26_120058_create_admins_table.php(24): Illuminate\\Support\\Facades\\Facade::__callStatic()
#9 /home/ubuntu/Documents/domains/ecommerce/vendor/laravel/framework/src/Illuminate/Database/Migrations/Migrator.php(394): CreateAdminsTable->up()
#10 /home/ubuntu/Documents/domains/ecommerce/vendor/laravel/framework/src/Illuminate/Database/Migrations/Migrator.php(403): Illuminate\\Database\\Migrations\\Migrator->Illuminate\\Database\\Migrations\\{closure}()
#11 /home/ubuntu/Documents/domains/ecommerce/vendor/laravel/framework/src/Illuminate/Database/Migrations/Migrator.php(202): Illuminate\\Database\\Migrations\\Migrator->runMigration()
#12 /home/ubuntu/Documents/domains/ecommerce/vendor/laravel/framework/src/Illuminate/Database/Migrations/Migrator.php(167): Illuminate\\Database\\Migrations\\Migrator->runUp()
#13 /home/ubuntu/Documents/domains/ecommerce/vendor/laravel/framework/src/Illuminate/Database/Migrations/Migrator.php(112): Illuminate\\Database\\Migrations\\Migrator->runPending()
#14 /home/ubuntu/Documents/domains/ecommerce/vendor/laravel/framework/src/Illuminate/Database/Console/Migrations/MigrateCommand.php(85): Illuminate\\Database\\Migrations\\Migrator->run()
#15 /home/ubuntu/Documents/domains/ecommerce/vendor/laravel/framework/src/Illuminate/Database/Migrations/Migrator.php(585): Illuminate\\Database\\Console\\Migrations\\MigrateCommand->Illuminate\\Database\\Console\\Migrations\\{closure}()
#16 /home/ubuntu/Documents/domains/ecommerce/vendor/laravel/framework/src/Illuminate/Database/Console/Migrations/MigrateCommand.php(94): Illuminate\\Database\\Migrations\\Migrator->usingConnection()
#17 /home/ubuntu/Documents/domains/ecommerce/vendor/laravel/framework/src/Illuminate/Container/BoundMethod.php(36): Illuminate\\Database\\Console\\Migrations\\MigrateCommand->handle()
#18 /home/ubuntu/Documents/domains/ecommerce/vendor/laravel/framework/src/Illuminate/Container/Util.php(40): Illuminate\\Container\\BoundMethod::Illuminate\\Container\\{closure}()
#19 /home/ubuntu/Documents/domains/ecommerce/vendor/laravel/framework/src/Illuminate/Container/BoundMethod.php(93): Illuminate\\Container\\Util::unwrapIfClosure()
#20 /home/ubuntu/Documents/domains/ecommerce/vendor/laravel/framework/src/Illuminate/Container/BoundMethod.php(37): Illuminate\\Container\\BoundMethod::callBoundMethod()
#21 /home/ubuntu/Documents/domains/ecommerce/vendor/laravel/framework/src/Illuminate/Container/Container.php(651): Illuminate\\Container\\BoundMethod::call()
#22 /home/ubuntu/Documents/domains/ecommerce/vendor/laravel/framework/src/Illuminate/Console/Command.php(136): Illuminate\\Container\\Container->call()
#23 /home/ubuntu/Documents/domains/ecommerce/vendor/symfony/console/Command/Command.php(299): Illuminate\\Console\\Command->execute()
#24 /home/ubuntu/Documents/domains/ecommerce/vendor/laravel/framework/src/Illuminate/Console/Command.php(121): Symfony\\Component\\Console\\Command\\Command->run()
#25 /home/ubuntu/Documents/domains/ecommerce/vendor/symfony/console/Application.php(978): Illuminate\\Console\\Command->run()
#26 /home/ubuntu/Documents/domains/ecommerce/vendor/symfony/console/Application.php(295): Symfony\\Component\\Console\\Application->doRunCommand()
#27 /home/ubuntu/Documents/domains/ecommerce/vendor/symfony/console/Application.php(167): Symfony\\Component\\Console\\Application->doRun()
#28 /home/ubuntu/Documents/domains/ecommerce/vendor/laravel/framework/src/Illuminate/Console/Application.php(92): Symfony\\Component\\Console\\Application->run()
#29 /home/ubuntu/Documents/domains/ecommerce/vendor/laravel/framework/src/Illuminate/Foundation/Console/Kernel.php(129): Illuminate\\Console\\Application->run()
#30 /home/ubuntu/Documents/domains/ecommerce/artisan(37): Illuminate\\Foundation\\Console\\Kernel->handle()
#31 {main}
"} 
